<?xml version="1.0" encoding="UTF-8"?>
<!-- Generated by org.testng.reporters.JUnitXMLReporter -->
<testsuite hostname="RAJESH-PC" name="Test" tests="4" failures="0" timestamp="30 Jun 2018 05:00:41 GMT" time="26.95" errors="0">
  <testcase name="LoginPageUIValidation" time="0.166" classname="com.vtiger.tests.TestLogin"/>
  <testcase name="invalidLogin" time="1.063" classname="com.vtiger.tests.TestLogin"/>
  <testcase name="validLogin" time="3.087" classname="com.vtiger.tests.TestLogin"/>
  <testcase name="createLead" time="9.743" classname="com.vtiger.tests.VerifyLeadsFunctionality"/>
</testsuite> <!-- Test -->
