<?xml version="1.0" encoding="UTF-8"?>
<testng-results skipped="0" failed="0" ignored="0" total="4" passed="4">
  <reporter-output>
  </reporter-output>
  <suite name="Suite" duration-ms="22012" started-at="2018-06-24T05:13:03Z" finished-at="2018-06-24T05:13:25Z">
    <groups>
    </groups>
    <test name="Test" duration-ms="22012" started-at="2018-06-24T05:13:03Z" finished-at="2018-06-24T05:13:25Z">
      <class name="com.vtiger.tests.VerifyLeadsFunctionality">
        <test-method status="PASS" signature="lauchApp()[pri:0, instance:com.vtiger.tests.VerifyLeadsFunctionality@c4c815]" name="lauchApp" is-config="true" duration-ms="3179" started-at="2018-06-24T10:43:12Z" finished-at="2018-06-24T10:43:15Z">
          <reporter-output>
          </reporter-output>
        </test-method> <!-- lauchApp -->
        <test-method status="PASS" signature="createLead()[pri:4, instance:com.vtiger.tests.VerifyLeadsFunctionality@c4c815]" name="createLead" duration-ms="5938" started-at="2018-06-24T10:43:15Z" finished-at="2018-06-24T10:43:21Z">
          <reporter-output>
          </reporter-output>
        </test-method> <!-- createLead -->
        <test-method status="PASS" signature="closeApp()[pri:0, instance:com.vtiger.tests.VerifyLeadsFunctionality@c4c815]" name="closeApp" is-config="true" duration-ms="4563" started-at="2018-06-24T10:43:21Z" finished-at="2018-06-24T10:43:25Z">
          <reporter-output>
          </reporter-output>
        </test-method> <!-- closeApp -->
      </class> <!-- com.vtiger.tests.VerifyLeadsFunctionality -->
      <class name="com.vtiger.tests.TestLogin">
        <test-method status="PASS" signature="lauchApp()[pri:0, instance:com.vtiger.tests.TestLogin@f4468b]" name="lauchApp" is-config="true" duration-ms="4587" started-at="2018-06-24T10:43:03Z" finished-at="2018-06-24T10:43:08Z">
          <reporter-output>
          </reporter-output>
        </test-method> <!-- lauchApp -->
        <test-method status="PASS" signature="LoginPageUIValidation()[pri:1, instance:com.vtiger.tests.TestLogin@f4468b]" name="LoginPageUIValidation" duration-ms="124" started-at="2018-06-24T10:43:08Z" finished-at="2018-06-24T10:43:08Z">
          <reporter-output>
          </reporter-output>
        </test-method> <!-- LoginPageUIValidation -->
        <test-method status="PASS" signature="invalidLogin()[pri:2, instance:com.vtiger.tests.TestLogin@f4468b]" name="invalidLogin" duration-ms="952" started-at="2018-06-24T10:43:08Z" finished-at="2018-06-24T10:43:09Z">
          <reporter-output>
          </reporter-output>
        </test-method> <!-- invalidLogin -->
        <test-method status="PASS" signature="validLogin()[pri:3, instance:com.vtiger.tests.TestLogin@f4468b]" name="validLogin" duration-ms="2639" started-at="2018-06-24T10:43:09Z" finished-at="2018-06-24T10:43:12Z">
          <reporter-output>
          </reporter-output>
        </test-method> <!-- validLogin -->
        <test-method status="PASS" signature="closeApp()[pri:0, instance:com.vtiger.tests.TestLogin@f4468b]" name="closeApp" is-config="true" duration-ms="1" started-at="2018-06-24T10:43:12Z" finished-at="2018-06-24T10:43:12Z">
          <reporter-output>
          </reporter-output>
        </test-method> <!-- closeApp -->
      </class> <!-- com.vtiger.tests.TestLogin -->
    </test> <!-- Test -->
  </suite> <!-- Suite -->
</testng-results>
