<?xml version="1.0" encoding="UTF-8"?>
<!-- Generated by org.testng.reporters.JUnitXMLReporter -->
<testsuite hostname="RAJESH-PC" ignored="0" name="Test" tests="4" failures="0" timestamp="24 Jun 2018 05:13:25 GMT" time="22.012" errors="0">
  <testcase name="LoginPageUIValidation" time="0.124" classname="com.vtiger.tests.TestLogin"/>
  <testcase name="invalidLogin" time="0.952" classname="com.vtiger.tests.TestLogin"/>
  <testcase name="validLogin" time="2.639" classname="com.vtiger.tests.TestLogin"/>
  <testcase name="createLead" time="5.938" classname="com.vtiger.tests.VerifyLeadsFunctionality"/>
</testsuite> <!-- Test -->
